WARNING: An illegal reflective access operation has occurred
WARNING: Illegal reflective access by org.openjdk.jmh.util.Utils (file:/E:/Program%20Files/MavenRepository/org/openjdk/jmh/jmh-core/1.27/jmh-core-1.27.jar) to field java.io.PrintStream.charOut
WARNING: Please consider reporting this to the maintainers of org.openjdk.jmh.util.Utils
WARNING: Use --illegal-access=warn to enable warnings of further illegal reflective access operations
WARNING: All illegal access operations will be denied in a future release
# JMH version: 1.27
# VM version: JDK 11.0.9, Java HotSpot(TM) 64-Bit Server VM, 11.0.9+7-LTS
# VM invoker: C:\Program Files\Java\jdk-11.0.9\bin\java.exe
# VM options: -javaagent:E:\Jetbrains\IntelliJ IDEA 2020.2.3\lib\idea_rt.jar=62517:E:\Jetbrains\IntelliJ IDEA 2020.2.3\bin -Dfile.encoding=UTF-8
# JMH blackhole mode: full blackhole + dont-inline hint
# Warmup: 2 iterations, 5 s each
# Measurement: 5 iterations, 3 s each
# Timeout: 10 min per iteration
# Threads: 1 thread, will synchronize iterations
# Benchmark mode: Throughput, ops/time
# Benchmark: com.lcw.jmh.ParallelStreamTest.testForeach

# Run progress: 0.00% complete, ETA 00:03:20
# Fork: 1 of 8
# Warmup Iteration   1: 1136.934 ops/s
# Warmup Iteration   2: 1150.039 ops/s
Iteration   1: 1179.376 ops/s
Iteration   2: 1213.489 ops/s
Iteration   3: 1198.747 ops/s
Iteration   4: 1201.787 ops/s
Iteration   5: 1201.198 ops/s

# Run progress: 12.50% complete, ETA 00:03:01
# Fork: 2 of 8
# Warmup Iteration   1: 961.816 ops/s
# Warmup Iteration   2: 1002.923 ops/s
Iteration   1: 969.370 ops/s
Iteration   2: 945.756 ops/s
Iteration   3: 950.861 ops/s
Iteration   4: 932.979 ops/s
Iteration   5: 978.369 ops/s

# Run progress: 25.00% complete, ETA 00:02:34
# Fork: 3 of 8
# Warmup Iteration   1: 993.951 ops/s
# Warmup Iteration   2: 1061.626 ops/s
Iteration   1: 1052.382 ops/s
Iteration   2: 1101.143 ops/s
Iteration   3: 1069.889 ops/s
Iteration   4: 1015.324 ops/s
Iteration   5: 1003.268 ops/s

# Run progress: 37.50% complete, ETA 00:02:09
# Fork: 4 of 8
# Warmup Iteration   1: 1079.902 ops/s
# Warmup Iteration   2: 1097.152 ops/s
Iteration   1: 1119.687 ops/s
Iteration   2: 1139.108 ops/s
Iteration   3: 944.778 ops/s
Iteration   4: 1058.745 ops/s
Iteration   5: 1142.990 ops/s

# Run progress: 50.00% complete, ETA 00:01:43
# Fork: 5 of 8
# Warmup Iteration   1: 1025.073 ops/s
# Warmup Iteration   2: 1005.386 ops/s
Iteration   1: 1032.402 ops/s
Iteration   2: 887.906 ops/s
Iteration   3: 955.338 ops/s
Iteration   4: 687.502 ops/s
Iteration   5: 1010.717 ops/s

# Run progress: 62.50% complete, ETA 00:01:17
# Fork: 6 of 8
# Warmup Iteration   1: 810.615 ops/s
# Warmup Iteration   2: 887.909 ops/s
Iteration   1: 893.410 ops/s
Iteration   2: 922.968 ops/s
Iteration   3: 910.030 ops/s
Iteration   4: 912.752 ops/s
Iteration   5: 868.883 ops/s

# Run progress: 75.00% complete, ETA 00:00:51
# Fork: 7 of 8
# Warmup Iteration   1: 916.597 ops/s
# Warmup Iteration   2: 936.666 ops/s
Iteration   1: 948.059 ops/s
Iteration   2: 975.043 ops/s
Iteration   3: 936.902 ops/s
Iteration   4: 934.313 ops/s
Iteration   5: 944.034 ops/s

# Run progress: 87.50% complete, ETA 00:00:25
# Fork: 8 of 8
# Warmup Iteration   1: 1009.473 ops/s
# Warmup Iteration   2: 1043.256 ops/s
Iteration   1: 1052.433 ops/s
Iteration   2: 1061.390 ops/s
Iteration   3: 1031.663 ops/s
Iteration   4: 1023.621 ops/s
Iteration   5: 1016.228 ops/s


Result "com.lcw.jmh.ParallelStreamTest.testForeach":
  1010.621 ±(99.9%) 61.798 ops/s [Average]
  (min, avg, max) = (687.502, 1010.621, 1213.489), stdev = 109.847
  CI (99.9%): [948.823, 1072.419] (assumes normal distribution)


# Run complete. Total time: 00:03:26

REMEMBER: The numbers below are just data. To gain reusable insights, you need to follow up on
why the numbers are the way they are. Use profilers (see -prof, -lprof), design factorial
experiments, perform baseline and negative tests that provide experimental control, make sure
the benchmarking environment is safe on JVM/OS/HW level, ask for reviews from the domain experts.
Do not assume the numbers tell you what you want them to tell.

Benchmark                        Mode  Cnt     Score    Error  Units
ParallelStreamTest.testForeach  thrpt   40  1010.621 ± 61.798  ops/s

Process finished with exit code 0
