WARNING: An illegal reflective access operation has occurred
WARNING: Illegal reflective access by org.openjdk.jmh.util.Utils (file:/E:/Program%20Files/MavenRepository/org/openjdk/jmh/jmh-core/1.27/jmh-core-1.27.jar) to field java.io.PrintStream.charOut
WARNING: Please consider reporting this to the maintainers of org.openjdk.jmh.util.Utils
WARNING: Use --illegal-access=warn to enable warnings of further illegal reflective access operations
WARNING: All illegal access operations will be denied in a future release
# JMH version: 1.27
# VM version: JDK 11.0.9, Java HotSpot(TM) 64-Bit Server VM, 11.0.9+7-LTS
# VM invoker: C:\Program Files\Java\jdk-11.0.9\bin\java.exe
# VM options: -javaagent:E:\Jetbrains\IntelliJ IDEA 2020.2.3\lib\idea_rt.jar=62944:E:\Jetbrains\IntelliJ IDEA 2020.2.3\bin -Dfile.encoding=UTF-8
# JMH blackhole mode: full blackhole + dont-inline hint
# Warmup: 2 iterations, 5 s each
# Measurement: 5 iterations, 3 s each
# Timeout: 10 min per iteration
# Threads: 1 thread, will synchronize iterations
# Benchmark mode: Throughput, ops/time
# Benchmark: com.lcw.jmh.ParallelStreamTest.testParallelForeach

# Run progress: 0.00% complete, ETA 00:03:20
# Fork: 1 of 8
# Warmup Iteration   1: 4084.320 ops/s
# Warmup Iteration   2: 4542.848 ops/s
Iteration   1: 3654.061 ops/s
Iteration   2: 3403.835 ops/s
Iteration   3: 3446.024 ops/s
Iteration   4: 3192.231 ops/s
Iteration   5: 3473.340 ops/s

# Run progress: 12.50% complete, ETA 00:03:01
# Fork: 2 of 8
# Warmup Iteration   1: 3254.655 ops/s
# Warmup Iteration   2: 3596.405 ops/s
Iteration   1: 3231.256 ops/s
Iteration   2: 3065.472 ops/s
Iteration   3: 2944.468 ops/s
Iteration   4: 3022.457 ops/s
Iteration   5: 2877.264 ops/s

# Run progress: 25.00% complete, ETA 00:02:35
# Fork: 3 of 8
# Warmup Iteration   1: 3164.746 ops/s
# Warmup Iteration   2: 3284.020 ops/s
Iteration   1: 3093.627 ops/s
Iteration   2: 2950.138 ops/s
Iteration   3: 3166.221 ops/s
Iteration   4: 3621.094 ops/s
Iteration   5: 3548.991 ops/s

# Run progress: 37.50% complete, ETA 00:02:09
# Fork: 4 of 8
# Warmup Iteration   1: 2221.060 ops/s
# Warmup Iteration   2: 1969.788 ops/s
Iteration   1: 1606.184 ops/s
Iteration   2: 1696.177 ops/s
Iteration   3: 1636.772 ops/s
Iteration   4: 1822.388 ops/s
Iteration   5: 1803.717 ops/s

# Run progress: 50.00% complete, ETA 00:01:43
# Fork: 5 of 8
# Warmup Iteration   1: 2598.768 ops/s
# Warmup Iteration   2: 2488.633 ops/s
Iteration   1: 2710.547 ops/s
Iteration   2: 2825.442 ops/s
Iteration   3: 2862.879 ops/s
Iteration   4: 2840.014 ops/s
Iteration   5: 2863.330 ops/s

# Run progress: 62.50% complete, ETA 00:01:17
# Fork: 6 of 8
# Warmup Iteration   1: 3013.208 ops/s
# Warmup Iteration   2: 3096.071 ops/s
Iteration   1: 2684.484 ops/s
Iteration   2: 2871.490 ops/s
Iteration   3: 2926.525 ops/s
Iteration   4: 3075.239 ops/s
Iteration   5: 3369.257 ops/s

# Run progress: 75.00% complete, ETA 00:00:51
# Fork: 7 of 8
# Warmup Iteration   1: 1644.255 ops/s
# Warmup Iteration   2: 1822.742 ops/s
Iteration   1: 2022.391 ops/s
Iteration   2: 2325.962 ops/s
Iteration   3: 2443.907 ops/s
Iteration   4: 2480.723 ops/s
Iteration   5: 2361.555 ops/s

# Run progress: 87.50% complete, ETA 00:00:25
# Fork: 8 of 8
# Warmup Iteration   1: 4031.168 ops/s
# Warmup Iteration   2: 4374.146 ops/s
Iteration   1: 4200.257 ops/s
Iteration   2: 3963.315 ops/s
Iteration   3: 3963.598 ops/s
Iteration   4: 4384.346 ops/s
Iteration   5: 4225.789 ops/s


Result "com.lcw.jmh.ParallelStreamTest.testParallelForeach":
  2966.419 ±(99.9%) 399.647 ops/s [Average]
  (min, avg, max) = (1606.184, 2966.419, 4384.346), stdev = 710.372
  CI (99.9%): [2566.772, 3366.066] (assumes normal distribution)


# Run complete. Total time: 00:03:26

REMEMBER: The numbers below are just data. To gain reusable insights, you need to follow up on
why the numbers are the way they are. Use profilers (see -prof, -lprof), design factorial
experiments, perform baseline and negative tests that provide experimental control, make sure
the benchmarking environment is safe on JVM/OS/HW level, ask for reviews from the domain experts.
Do not assume the numbers tell you what you want them to tell.

Benchmark                                Mode  Cnt     Score     Error  Units
ParallelStreamTest.testParallelForeach  thrpt   40  2966.419 ± 399.647  ops/s

Process finished with exit code 0
